<?xml version="1.0" encoding="UTF-8"?>
<beans xmlns="http://www.springframework.org/schema/beans"
	xmlns:context="http://www.springframework.org/schema/context"
	xmlns:aop="http://www.springframework.org/schema/aop" xmlns:xsi="http://www.w3.org/2001/XMLSchema-instance"
	xmlns:jpa="http://www.springframework.org/schema/data/jpa" xmlns:p="http://www.springframework.org/schema/p"
	xsi:schemaLocation="
                http://www.springframework.org/schema/beans
                http://www.springframework.org/schema/beans/spring-beans.xsd
                http://www.springframework.org/schema/context
                http://www.springframework.org/schema/context/spring-context.xsd
                http://www.springframework.org/schema/tx http://www.springframework.org/schema/tx/spring-tx-3.0.xsd
          		http://www.springframework.org/schema/data/jpa http://www.springframework.org/schema/data/jpa/spring-jpa.xsd 
                http://www.springframework.org/schema/aop
                http://www.springframework.org/schema/aop/spring-aop.xsd">

	<context:annotation-config />

	<context:component-scan base-package="com.maxcheung*" />

	<jpa:repositories base-package="com.maxcheung.dao" />


	<bean id="dataSource" class="org.apache.commons.dbcp.BasicDataSource"
		p:driverClassName="org.postgresql.Driver" p:url="jdbc:postgresql://localhost:5432/testdb"
		p:username="user" p:password="password" p:initialSize="5" p:maxActive="10">
	</bean>

	<bean
		class="org.springframework.orm.jpa.LocalContainerEntityManagerFactoryBean"
		id="entityManagerFactory">
		<property name="dataSource" ref="dataSource" />

		<property name="jpaProperties">
			<props>
				<prop key="hibernate.hbm2ddl.auto">none</prop>
			</props>
		</property>

	</bean>

	<bean class="org.springframework.orm.jpa.JpaTransactionManager"
		id="transactionManager">
		<property name="entityManagerFactory" ref="entityManagerFactory" />
	</bean>

	<bean id="commandUtil" class="com.maxcheung.spring.CommandUtil" />
</beans>